<?xml version="1.0" encoding="UTF-8"?>
<!-- Generated by org.testng.reporters.JUnitReportReporter -->
<testsuite hostname="LAPTOP-9OTTLET8" failures="0" tests="1" name="com.MiWay.automationTestScript.AutomationScriptPayment2Test" time="2.245" errors="0" timestamp="2022-09-15T13:01:11 GST" skipped="0">
  <testcase classname="com.MiWay.automationTestScript.AutomationScriptPayment2Test" name="payment2Test" time="2.245"/>
  <system-out>
    <![CDATA[ Payment record addaed successfully]]>
  </system-out>
</testsuite> <!-- com.MiWay.automationTestScript.AutomationScriptPayment2Test -->
