<?xml version="1.0" encoding="UTF-8"?>
<!-- Generated by org.testng.reporters.JUnitReportReporter -->
<testsuite skipped="0" hostname="DESKTOP-VPUTMT9" name="org.Zurich_Practice.TestNGpracticeconfi" tests="2" failures="0" timestamp="2022-09-09T10:37:58 EDT" time="0.027" errors="0">
  <testcase name="test1" time="0.015" classname="org.Zurich_Practice.TestNGpracticeconfi"/>
  <system-out/>
  <testcase name="test2" time="0.012" classname="org.Zurich_Practice.TestNGpracticeconfi"/>
  <system-out/>
</testsuite> <!-- org.Zurich_Practice.TestNGpracticeconfi -->
