<?xml version="1.0" encoding="UTF-8"?>
<!-- Generated by org.testng.reporters.JUnitReportReporter -->
<testsuite hostname="LAPTOP-DI0Q8O11" failures="0" tests="1" name="com.MiWay.automationTestScript.Payments1TEstNG" time="0.698" errors="0" timestamp="2022-09-15T11:24:29 IST" skipped="0">
  <testcase classname="com.MiWay.automationTestScript.Payments1TEstNG" name="AutomateSearchclientAndDeleteclientt" time="0.698"/>
  <system-out/>
</testsuite> <!-- com.MiWay.automationTestScript.Payments1TEstNG -->
