<?xml version="1.0" encoding="UTF-8"?>
<!-- Generated by org.testng.reporters.JUnitReportReporter -->
<testsuite hostname="LAPTOP-9OTTLET8" failures="0" tests="2" name="org.Agiliux.Practice.TestNGPractice" time="0.011" errors="0" timestamp="2022-09-16T18:37:55 GST" skipped="0">
  <testcase classname="org.Agiliux.Practice.TestNGPractice" name="Test1" time="0.009"/>
  <system-out/>
  <testcase classname="org.Agiliux.Practice.TestNGPractice" name="Test2" time="0.002"/>
  <system-out/>
</testsuite> <!-- org.Agiliux.Practice.TestNGPractice -->
