<?xml version="1.0" encoding="UTF-8"?>
<!-- Generated by org.testng.reporters.JUnitReportReporter -->
<testsuite hostname="LAPTOP-DI0Q8O11" failures="0" tests="1" name="com.MiWay.automationTestScript.Automationpayment2TestNG" time="1.314" errors="0" timestamp="2022-09-15T10:28:31 IST" skipped="0">
  <testcase classname="com.MiWay.automationTestScript.Automationpayment2TestNG" name="payment2Test" time="1.314"/>
  <system-out>
    <![CDATA[ Payment record addaed successfully]]>
  </system-out>
</testsuite> <!-- com.MiWay.automationTestScript.Automationpayment2TestNG -->
