<?xml version="1.0" encoding="UTF-8"?>
<!-- Generated by org.testng.reporters.JUnitReportReporter -->
<testsuite hostname="LAPTOP-DI0Q8O11" failures="0" tests="1" name="com.MiWay.automationTestScript.Automationpayment2Test" time="1.613" errors="0" timestamp="2022-09-15T11:30:42 IST" skipped="0">
  <testcase classname="com.MiWay.automationTestScript.Automationpayment2Test" name="payment2Test" time="1.613"/>
  <system-out>
    <![CDATA[ Payment record addaed successfully]]>
  </system-out>
</testsuite> <!-- com.MiWay.automationTestScript.Automationpayment2Test -->
