<?xml version="1.0" encoding="UTF-8"?>
<!-- Generated by org.testng.reporters.JUnitReportReporter -->
<testsuite skipped="0" hostname="DESKTOP-VPUTMT9" name="org.Zurich_Practice.TestNGPractice" tests="2" failures="0" timestamp="2022-09-08T16:50:22 EDT" time="0.015" errors="0">
  <testcase name="Test2" time="0.000" classname="org.Zurich_Practice.TestNGPractice"/>
  <system-out/>
  <testcase name="Test1" time="0.015" classname="org.Zurich_Practice.TestNGPractice"/>
  <system-out/>
</testsuite> <!-- org.Zurich_Practice.TestNGPractice -->
