<?xml version="1.0" encoding="UTF-8"?>
<!-- Generated by org.testng.reporters.JUnitReportReporter -->
<testsuite hostname="LAPTOP-9OTTLET8" failures="0" tests="1" name="com.MiWay.automationTestScript.AutomationPayment1Test" time="2.072" errors="0" timestamp="2022-09-15T13:01:29 GST" skipped="0">
  <testcase classname="com.MiWay.automationTestScript.AutomationPayment1Test" name="paymen1" time="2.072"/>
  <system-out>
    <![CDATA[passed: payment record increased successfully]]>
  </system-out>
</testsuite> <!-- com.MiWay.automationTestScript.AutomationPayment1Test -->
