<?xml version="1.0" encoding="UTF-8"?>
<!-- Generated by org.testng.reporters.JUnitReportReporter -->
<testsuite hostname="LAPTOP-DI0Q8O11" failures="0" tests="1" name="com.MiWay.automationTestScript.AutomationPayment1TestNG" time="1.234" errors="0" timestamp="2022-09-15T10:23:52 IST" skipped="0">
  <testcase classname="com.MiWay.automationTestScript.AutomationPayment1TestNG" name="paymen1" time="1.234"/>
  <system-out>
    <![CDATA[passed: payment record increased successfully]]>
  </system-out>
</testsuite> <!-- com.MiWay.automationTestScript.AutomationPayment1TestNG -->
