<?xml version="1.0" encoding="UTF-8"?>
<!-- Generated by org.testng.reporters.JUnitReportReporter -->
<testsuite skipped="0" hostname="LAPTOP-9OTTLET8" name="com.Agiliux.automationTestScript.MavenPracticeTest" tests="1" failures="0" timestamp="2022-09-20T13:46:25 GST" time="13.558" errors="0">
  <testcase name="step1Test" time="13.558" classname="com.Agiliux.automationTestScript.MavenPracticeTest"/>
  <system-out/>
</testsuite> <!-- com.Agiliux.automationTestScript.MavenPracticeTest -->
